0 info it worked if it ends with ok
1 verbose cli [ 'node', '/usr/local/bin/npm', 'install' ]
2 info using npm@1.1.69
3 info using node@v0.8.16
4 verbose read json /opt/local/apache2/htdocs/nighstschool/package.json
5 verbose readDependencies using package.json deps
6 verbose install where, deps [ '/opt/local/apache2/htdocs/nighstschool',
6 verbose install   [ 'express',
6 verbose install     'static-favicon',
6 verbose install     'morgan',
6 verbose install     'cookie-parser',
6 verbose install     'body-parser',
6 verbose install     'debug',
6 verbose install     'jade',
6 verbose install     'mongoose',
6 verbose install     'q' ] ]
7 verbose from cache /opt/local/apache2/htdocs/nighstschool/package.json
8 info preinstall nightschool@0.0.1
9 verbose read json /opt/local/apache2/htdocs/nighstschool/node_modules/body-parser/package.json
10 verbose read json /opt/local/apache2/htdocs/nighstschool/node_modules/cookie-parser/package.json
11 verbose read json /opt/local/apache2/htdocs/nighstschool/node_modules/debug/package.json
12 verbose read json /opt/local/apache2/htdocs/nighstschool/node_modules/express/package.json
13 verbose read json /opt/local/apache2/htdocs/nighstschool/node_modules/jade/package.json
14 verbose read json /opt/local/apache2/htdocs/nighstschool/node_modules/morgan/package.json
15 verbose read json /opt/local/apache2/htdocs/nighstschool/node_modules/static-favicon/package.json
16 verbose from cache /opt/local/apache2/htdocs/nighstschool/package.json
17 verbose readDependencies using package.json deps
18 verbose read json /opt/local/apache2/htdocs/nighstschool/node_modules/.bin/package.json
19 verbose from cache /opt/local/apache2/htdocs/nighstschool/node_modules/body-parser/package.json
20 verbose from cache /opt/local/apache2/htdocs/nighstschool/node_modules/cookie-parser/package.json
21 verbose from cache /opt/local/apache2/htdocs/nighstschool/node_modules/debug/package.json
22 verbose from cache /opt/local/apache2/htdocs/nighstschool/node_modules/express/package.json
23 verbose from cache /opt/local/apache2/htdocs/nighstschool/node_modules/jade/package.json
24 verbose from cache /opt/local/apache2/htdocs/nighstschool/node_modules/morgan/package.json
25 verbose from cache /opt/local/apache2/htdocs/nighstschool/node_modules/static-favicon/package.json
26 verbose already installed skipping body-parser@~1.0.0 /opt/local/apache2/htdocs/nighstschool
27 verbose already installed skipping debug@~0.7.4 /opt/local/apache2/htdocs/nighstschool
28 verbose already installed skipping jade@~1.3.0 /opt/local/apache2/htdocs/nighstschool
29 verbose cache add [ 'mongoose@^3.8.15', null ]
30 silly cache add name=undefined spec="mongoose@^3.8.15" args=["mongoose@^3.8.15",null]
31 verbose parsed url { pathname: 'mongoose@^3.8.15',
31 verbose parsed url   path: 'mongoose@^3.8.15',
31 verbose parsed url   href: 'mongoose@^3.8.15' }
32 silly cache add name="mongoose" spec="^3.8.15" args=["mongoose","^3.8.15"]
33 verbose parsed url { pathname: '^3.8.15', path: '^3.8.15', href: '^3.8.15' }
34 verbose addNamed [ 'mongoose', '^3.8.15' ]
35 verbose addNamed [ null, null ]
36 verbose cache add [ 'q@^1.0.1', null ]
37 silly cache add name=undefined spec="q@^1.0.1" args=["q@^1.0.1",null]
38 verbose parsed url { pathname: 'q@^1.0.1', path: 'q@^1.0.1', href: 'q@^1.0.1' }
39 silly cache add name="q" spec="^1.0.1" args=["q","^1.0.1"]
40 verbose parsed url { pathname: '^1.0.1', path: '^1.0.1', href: '^1.0.1' }
41 verbose addNamed [ 'q', '^1.0.1' ]
42 verbose addNamed [ null, null ]
43 silly lockFile 7427e34d-mongoose-3-8-15 mongoose@^3.8.15
44 verbose lock mongoose@^3.8.15 /Users/NicolasYip/.npm/7427e34d-mongoose-3-8-15.lock
45 silly lockFile a3aa47d3-q-1-0-1 q@^1.0.1
46 verbose lock q@^1.0.1 /Users/NicolasYip/.npm/a3aa47d3-q-1-0-1.lock
47 verbose already installed skipping express@~4.2.0 /opt/local/apache2/htdocs/nighstschool
48 verbose already installed skipping static-favicon@~1.0.0 /opt/local/apache2/htdocs/nighstschool
49 verbose already installed skipping cookie-parser@~1.0.1 /opt/local/apache2/htdocs/nighstschool
50 verbose already installed skipping morgan@~1.0.0 /opt/local/apache2/htdocs/nighstschool
51 info addNameTag [ 'mongoose', '^3.8.15' ]
52 info addNameTag [ 'q', '^1.0.1' ]
53 verbose url raw q
54 verbose url resolving [ 'https://registry.npmjs.org/', './q' ]
55 verbose url resolved https://registry.npmjs.org/q
56 info trying registry request attempt 1 at 10:23:50
57 verbose etag "9D6B6BLGEGMQEUTPLX90B8SRY"
58 http GET https://registry.npmjs.org/q
59 verbose url raw mongoose
60 verbose url resolving [ 'https://registry.npmjs.org/', './mongoose' ]
61 verbose url resolved https://registry.npmjs.org/mongoose
62 info trying registry request attempt 1 at 10:23:50
63 verbose etag "56X3U9WD9TGN3KOVXZSQ7DET5"
64 http GET https://registry.npmjs.org/mongoose
65 http 304 https://registry.npmjs.org/q
66 silly registry.get cb [ 304,
66 silly registry.get   { date: 'Sun, 24 Aug 2014 02:23:50 GMT',
66 silly registry.get     server: 'Apache',
66 silly registry.get     via: '1.1 varnish',
66 silly registry.get     'last-modified': 'Sun, 24 Aug 2014 02:23:29 GMT',
66 silly registry.get     'cache-control': 'max-age=60',
66 silly registry.get     etag: '"9D6B6BLGEGMQEUTPLX90B8SRY"',
66 silly registry.get     'x-served-by': 'cache-sn89-SIN',
66 silly registry.get     'x-cache': 'HIT',
66 silly registry.get     'x-cache-hits': '2',
66 silly registry.get     'x-timer': 'S1408847030.075795,VS0,VE0',
66 silly registry.get     vary: 'Accept',
66 silly registry.get     'content-length': '0',
66 silly registry.get     'keep-alive': 'timeout=10, max=50',
66 silly registry.get     connection: 'Keep-Alive' } ]
67 verbose etag q from cache
68 http 304 https://registry.npmjs.org/mongoose
69 silly registry.get cb [ 304,
69 silly registry.get   { date: 'Sun, 24 Aug 2014 02:23:50 GMT',
69 silly registry.get     server: 'Apache',
69 silly registry.get     via: '1.1 varnish',
69 silly registry.get     'last-modified': 'Sun, 24 Aug 2014 02:23:50 GMT',
69 silly registry.get     'cache-control': 'max-age=60',
69 silly registry.get     etag: '"56X3U9WD9TGN3KOVXZSQ7DET5"',
69 silly registry.get     'x-served-by': 'cache-sn88-SIN',
69 silly registry.get     'x-cache': 'HIT',
69 silly registry.get     'x-cache-hits': '1',
69 silly registry.get     'x-timer': 'S1408847030.080406,VS0,VE1',
69 silly registry.get     vary: 'Accept',
69 silly registry.get     'content-length': '0',
69 silly registry.get     'keep-alive': 'timeout=10, max=50',
69 silly registry.get     connection: 'Keep-Alive' } ]
70 verbose etag mongoose from cache
71 silly lockFile a3aa47d3-q-1-0-1 q@^1.0.1
72 silly lockFile 7427e34d-mongoose-3-8-15 mongoose@^3.8.15
73 error Error: No compatible version found: q@'^1.0.1'
73 error Valid install targets:
73 error ["0.0.0","0.0.1","0.0.2","0.0.3","0.1.0","0.1.1","0.1.2","0.1.3","0.1.4","0.1.5","0.1.6","0.1.7","0.1.8","0.1.9","0.2.0-rc1","0.2.0","0.2.1","0.2.2","0.2.3","0.2.4","0.2.5","0.2.6","0.2.7","0.2.8","0.2.9","0.3.0","0.2.10","0.4.0","0.4.1","0.4.2","0.4.4","0.5.0","0.5.1","0.5.2","0.5.3","0.6.0","0.7.0","0.7.1","0.7.2","0.8.0","0.8.1","0.8.2","0.8.3","0.8.4","0.8.5","0.8.6","0.8.7","0.8.8","0.8.9","0.8.10","0.8.11","0.8.12","0.9.0","0.9.1","0.9.2","0.9.3","0.9.4","0.9.5","0.9.6","0.9.7","1.0.0","1.0.1","2.0.0","2.0.1","2.0.2"]
73 error     at installTargetsError (/usr/local/lib/node_modules/npm/lib/cache.js:563:10)
73 error     at /usr/local/lib/node_modules/npm/lib/cache.js:478:10
73 error     at saved (/usr/local/lib/node_modules/npm/node_modules/npm-registry-client/lib/get.js:138:7)
73 error     at /usr/local/lib/node_modules/npm/node_modules/graceful-fs/graceful-fs.js:218:7
73 error     at Object.oncomplete (fs.js:297:15)
74 error If you need help, you may report this log at:
74 error     <http://github.com/isaacs/npm/issues>
74 error or email it to:
74 error     <npm-@googlegroups.com>
75 error System Darwin 13.3.0
76 error command "node" "/usr/local/bin/npm" "install"
77 error cwd /opt/local/apache2/htdocs/nighstschool/bin
78 error node -v v0.8.16
79 error npm -v 1.1.69
80 verbose exit [ 1, true ]
